<?xml version="1.0" encoding="UTF-8"?>
<testng-results skipped="0" failed="0" total="1" passed="1">
  <reporter-output>
  </reporter-output>
  <suite name="Default suite" duration-ms="54368" started-at="2016-06-21T09:17:03Z" finished-at="2016-06-21T09:17:58Z">
    <groups>
    </groups>
    <test name="Default test" duration-ms="54368" started-at="2016-06-21T09:17:03Z" finished-at="2016-06-21T09:17:58Z">
      <class name="goeuro.search.sort.MainTest">
        <test-method status="PASS" signature="setup()[pri:0, instance:goeuro.search.sort.MainTest@58ceff1]" name="setup" is-config="true" duration-ms="22822" started-at="2016-06-21T14:47:03Z" finished-at="2016-06-21T14:47:26Z">
          <reporter-output>
          </reporter-output>
        </test-method> <!-- setup -->
        <test-method status="PASS" signature="Test_For_Train_PriceList()[pri:0, instance:goeuro.search.sort.MainTest@58ceff1]" name="Test_For_Train_PriceList" duration-ms="30964" started-at="2016-06-21T14:47:26Z" description="Test to validate price sort from low to high" finished-at="2016-06-21T14:47:57Z">
          <reporter-output>
          </reporter-output>
        </test-method> <!-- Test_For_Train_PriceList -->
        <test-method status="PASS" signature="tearDown()[pri:0, instance:goeuro.search.sort.MainTest@58ceff1]" name="tearDown" is-config="true" duration-ms="566" started-at="2016-06-21T14:47:57Z" finished-at="2016-06-21T14:47:58Z">
          <reporter-output>
          </reporter-output>
        </test-method> <!-- tearDown -->
      </class> <!-- goeuro.search.sort.MainTest -->
    </test> <!-- Default test -->
  </suite> <!-- Default suite -->
</testng-results>
